0 info it worked if it ends with ok
1 verbose cli [ 'C:\\Program Files (x86)\\nodejs\\node.exe',
1 verbose cli   'C:\\Program Files (x86)\\nodejs\\node_modules\\npm\\bin\\npm-cli.js',
1 verbose cli   'update',
1 verbose cli   '--latest',
1 verbose cli   '--save' ]
2 info using npm@2.15.1
3 info using node@v4.4.3
4 verbose stack Error: Failed to parse json
4 verbose stack Unexpected token 'd' at 6:4
4 verbose stack   "dependencies": {
4 verbose stack    ^
4 verbose stack     at parseError (C:\Program Files (x86)\nodejs\node_modules\npm\node_modules\read-package-json\read-json.js:379:11)
4 verbose stack     at parseJson (C:\Program Files (x86)\nodejs\node_modules\npm\node_modules\read-package-json\read-json.js:68:23)
4 verbose stack     at C:\Program Files (x86)\nodejs\node_modules\npm\node_modules\read-package-json\read-json.js:48:5
4 verbose stack     at C:\Program Files (x86)\nodejs\node_modules\npm\node_modules\graceful-fs\graceful-fs.js:78:16
4 verbose stack     at FSReqWrap.readFileAfterClose [as oncomplete] (fs.js:380:3)
5 verbose cwd c:\Estudo\NodeJS\NodeJS_Estudo\ntalk
6 error Windows_NT 10.0.10240
7 error argv "C:\\Program Files (x86)\\nodejs\\node.exe" "C:\\Program Files (x86)\\nodejs\\node_modules\\npm\\bin\\npm-cli.js" "update" "--latest" "--save"
8 error node v4.4.3
9 error npm  v2.15.1
10 error file c:\Estudo\NodeJS\NodeJS_Estudo\ntalk\package.json
11 error code EJSONPARSE
12 error Failed to parse json
12 error Unexpected token 'd' at 6:4
12 error   "dependencies": {
12 error    ^
13 error File: c:\Estudo\NodeJS\NodeJS_Estudo\ntalk\package.json
14 error Failed to parse package.json data.
14 error package.json must be actual JSON, not just JavaScript.
14 error
14 error This is not a bug in npm.
14 error Tell the package author to fix their package.json file. JSON.parse
15 verbose exit [ 1, true ]
